==========================================================
 ANÁLISIS DE REGRESIÓN LOGÍSTICA — WDBC (solo variables _mean)
 Fecha de ejecución:  2025-11-20 10:35:48.526765 
==========================================================


==========================================================
 SUMMARY COMPLETOS DE LOS MODELOS
==========================================================

----------------------------------------------------------
  Modelo completo 
----------------------------------------------------------

Call:
glm(formula = diagnosis ~ ., family = binomial, data = df)

Coefficients:
                        Estimate Std. Error z value Pr(>|z|)    
(Intercept)             -7.35952   12.85259  -0.573   0.5669    
radius_mean             -2.04930    3.71588  -0.551   0.5813    
texture_mean             0.38473    0.06454   5.961  2.5e-09 ***
perimeter_mean          -0.07151    0.50516  -0.142   0.8874    
area_mean                0.03980    0.01674   2.377   0.0174 *  
smoothness_mean         76.43227   31.95492   2.392   0.0168 *  
compactness_mean        -1.46242   20.34249  -0.072   0.9427    
concavity_mean           8.46870    8.12003   1.043   0.2970    
concave.points_mean     66.82176   28.52910   2.342   0.0192 *  
symmetry_mean           16.27824   10.63059   1.531   0.1257    
fractal_dimension_mean -68.33703   85.55666  -0.799   0.4244    
---
Signif. codes:  0 ‘***’ 0.001 ‘**’ 0.01 ‘*’ 0.05 ‘.’ 0.1 ‘ ’ 1

(Dispersion parameter for binomial family taken to be 1)

    Null deviance: 751.44  on 568  degrees of freedom
Residual deviance: 146.13  on 558  degrees of freedom
AIC: 168.13

Number of Fisher Scoring iterations: 9



----------------------------------------------------------
  Modelo clínico 
----------------------------------------------------------

Call:
glm(formula = diagnosis ~ radius_mean + perimeter_mean + area_mean + 
    concavity_mean + concave.points_mean, family = binomial, 
    data = df)

Coefficients:
                    Estimate Std. Error z value Pr(>|z|)    
(Intercept)          5.73493    7.49853   0.765   0.4444    
radius_mean         -2.12784    2.20132  -0.967   0.3337    
perimeter_mean      -0.01387    0.25822  -0.054   0.9572    
area_mean            0.03341    0.01294   2.583   0.0098 ** 
concavity_mean       1.56923    6.25950   0.251   0.8020    
concave.points_mean 83.52433   16.93856   4.931 8.18e-07 ***
---
Signif. codes:  0 ‘***’ 0.001 ‘**’ 0.01 ‘*’ 0.05 ‘.’ 0.1 ‘ ’ 1

(Dispersion parameter for binomial family taken to be 1)

    Null deviance: 751.44  on 568  degrees of freedom
Residual deviance: 200.34  on 563  degrees of freedom
AIC: 212.34

Number of Fisher Scoring iterations: 8



----------------------------------------------------------
  Modelo estilo 
----------------------------------------------------------

Call:
glm(formula = diagnosis ~ texture_mean + smoothness_mean + compactness_mean + 
    symmetry_mean, family = binomial, data = df)

Coefficients:
                  Estimate Std. Error z value Pr(>|z|)    
(Intercept)      -10.17419    1.55479  -6.544 6.00e-11 ***
texture_mean       0.25787    0.03373   7.644 2.11e-14 ***
smoothness_mean    7.77907   12.61231   0.617    0.537    
compactness_mean  36.28436    4.34788   8.345  < 2e-16 ***
symmetry_mean     -0.37741    5.82322  -0.065    0.948    
---
Signif. codes:  0 ‘***’ 0.001 ‘**’ 0.01 ‘*’ 0.05 ‘.’ 0.1 ‘ ’ 1

(Dispersion parameter for binomial family taken to be 1)

    Null deviance: 751.44  on 568  degrees of freedom
Residual deviance: 434.83  on 564  degrees of freedom
AIC: 444.83

Number of Fisher Scoring iterations: 5



----------------------------------------------------------
  Modelo morfológico 
----------------------------------------------------------

Call:
glm(formula = diagnosis ~ radius_mean + concavity_mean + concave.points_mean + 
    symmetry_mean, family = binomial, data = df)

Coefficients:
                    Estimate Std. Error z value Pr(>|z|)    
(Intercept)         -16.4075     2.6477  -6.197 5.76e-10 ***
radius_mean           0.7360     0.1264   5.823 5.78e-09 ***
concavity_mean        5.4824     5.3346   1.028    0.304    
concave.points_mean  64.2512    16.1948   3.967 7.27e-05 ***
symmetry_mean        10.0652     9.0681   1.110    0.267    
---
Signif. codes:  0 ‘***’ 0.001 ‘**’ 0.01 ‘*’ 0.05 ‘.’ 0.1 ‘ ’ 1

(Dispersion parameter for binomial family taken to be 1)

    Null deviance: 751.44  on 568  degrees of freedom
Residual deviance: 206.61  on 564  degrees of freedom
AIC: 216.61

Number of Fisher Scoring iterations: 7



----------------------------------------------------------
  Modelo compacto 
----------------------------------------------------------

Call:
glm(formula = diagnosis ~ radius_mean + concavity_mean, family = binomial, 
    data = df)

Coefficients:
               Estimate Std. Error z value Pr(>|z|)    
(Intercept)    -16.1466     1.6359  -9.870  < 2e-16 ***
radius_mean      0.9308     0.1087   8.560  < 2e-16 ***
concavity_mean  27.3387     3.4189   7.996 1.28e-15 ***
---
Signif. codes:  0 ‘***’ 0.001 ‘**’ 0.01 ‘*’ 0.05 ‘.’ 0.1 ‘ ’ 1

(Dispersion parameter for binomial family taken to be 1)

    Null deviance: 751.44  on 568  degrees of freedom
Residual deviance: 230.85  on 566  degrees of freedom
AIC: 236.85

Number of Fisher Scoring iterations: 7



==========================================================
 COMPARACIÓN DE MODELOS POR AIC
==========================================================
                   df      AIC
modelo             11 168.1304
modelo_clinico      6 212.3409
modelo_estilo       5 444.8330
modelo_morfologico  5 216.6069
modelo_compacto     3 236.8529


==========================================================
 PSEUDO-R² (McFadden, Cox–Snell, Nagelkerke)
==========================================================

Modelo completo:
fitting null model for pseudo-r2
         llh      llhNull           G2     McFadden         r2ML         r2CU 
 -73.0652092 -375.7200027  605.3095870    0.8055328    0.6548627    0.8933597 


Modelo clínico:
fitting null model for pseudo-r2
         llh      llhNull           G2     McFadden         r2ML         r2CU 
-100.1704404 -375.7200027  551.0991246    0.7333907    0.6203630    0.8462954 


Modelo estilo:
fitting null model for pseudo-r2
         llh      llhNull           G2     McFadden         r2ML         r2CU 
-217.4164828 -375.7200027  316.6070398    0.4213338    0.4267464    0.5821649 


Modelo morfológico:
fitting null model for pseudo-r2
         llh      llhNull           G2     McFadden         r2ML         r2CU 
-103.3034641 -375.7200027  544.8330771    0.7250520    0.6161592    0.8405606 


Modelo compacto:
fitting null model for pseudo-r2
         llh      llhNull           G2     McFadden         r2ML         r2CU 
-115.4264509 -375.7200027  520.5871036    0.6927860    0.5994497    0.8177655 


