==========================================================
 ANÁLISIS DE REGRESIÓN LOGÍSTICA — WDBC (solo variables _mean)
 Fecha de ejecución:  2025-11-23 17:48:56.944095 
==========================================================


==========================================================
 COMPARACIÓN DE MODELOS POR AIC
==========================================================
                df      AIC
modelo_completo 11 168.1304
modelo_A         4 172.3833
modelo_B         3 209.3402
modelo_C         3 215.2371
modelo_D         4 215.6866


==========================================================
 PSEUDO-R² (McFadden, Cox–Snell, Nagelkerke)
==========================================================

Modelo completo:
fitting null model for pseudo-r2
         llh      llhNull           G2     McFadden         r2ML         r2CU 
 -73.0652092 -375.7200027  605.3095870    0.8055328    0.6548627    0.8933597 


Modelo A:
fitting null model for pseudo-r2
         llh      llhNull           G2     McFadden         r2ML         r2CU 
 -82.1916671 -375.7200027  587.0566711    0.7812422    0.6436116    0.8780109 


Modelo B:
fitting null model for pseudo-r2
         llh      llhNull           G2     McFadden         r2ML         r2CU 
-101.6700908 -375.7200027  548.0998237    0.7293993    0.6183566    0.8435582 


Modelo C:
fitting null model for pseudo-r2
         llh      llhNull           G2     McFadden         r2ML         r2CU 
-104.6185421 -375.7200027  542.2029212    0.7215518    0.6143808    0.8381345 


Modelo D:
fitting null model for pseudo-r2
         llh      llhNull           G2     McFadden         r2ML         r2CU 
-103.8432897 -375.7200027  543.7534260    0.7236152    0.6154302    0.8395661 


==========================================================
 SUMMARYS DE LOS MODELOS
==========================================================

----------------------------------------------------------
  Modelo completo 
----------------------------------------------------------

Call:
glm(formula = diagnosis ~ ., family = binomial, data = df)

Coefficients:
                        Estimate Std. Error z value Pr(>|z|)    
(Intercept)             -7.35952   12.85259  -0.573   0.5669    
radius_mean             -2.04930    3.71588  -0.551   0.5813    
texture_mean             0.38473    0.06454   5.961  2.5e-09 ***
perimeter_mean          -0.07151    0.50516  -0.142   0.8874    
area_mean                0.03980    0.01674   2.377   0.0174 *  
smoothness_mean         76.43227   31.95492   2.392   0.0168 *  
compactness_mean        -1.46242   20.34249  -0.072   0.9427    
concavity_mean           8.46870    8.12003   1.043   0.2970    
concave.points_mean     66.82176   28.52910   2.342   0.0192 *  
symmetry_mean           16.27824   10.63059   1.531   0.1257    
fractal_dimension_mean -68.33703   85.55666  -0.799   0.4244    
---
Signif. codes:  0 ‘***’ 0.001 ‘**’ 0.01 ‘*’ 0.05 ‘.’ 0.1 ‘ ’ 1

(Dispersion parameter for binomial family taken to be 1)

    Null deviance: 751.44  on 568  degrees of freedom
Residual deviance: 146.13  on 558  degrees of freedom
AIC: 168.13

Number of Fisher Scoring iterations: 9



----------------------------------------------------------
  Modelo A 
----------------------------------------------------------

Call:
glm(formula = diagnosis ~ radius_mean + concave.points_mean + 
    texture_mean, family = binomial, data = df)

Coefficients:
                     Estimate Std. Error z value Pr(>|z|)    
(Intercept)         -21.16474    2.51027  -8.431  < 2e-16 ***
radius_mean           0.65637    0.12532   5.238 1.63e-07 ***
concave.points_mean 101.16839   13.02057   7.770 7.86e-15 ***
texture_mean          0.32593    0.05529   5.895 3.75e-09 ***
---
Signif. codes:  0 ‘***’ 0.001 ‘**’ 0.01 ‘*’ 0.05 ‘.’ 0.1 ‘ ’ 1

(Dispersion parameter for binomial family taken to be 1)

    Null deviance: 751.44  on 568  degrees of freedom
Residual deviance: 164.38  on 565  degrees of freedom
AIC: 172.38

Number of Fisher Scoring iterations: 8



----------------------------------------------------------
  Modelo B 
----------------------------------------------------------

Call:
glm(formula = diagnosis ~ concave.points_mean + texture_mean, 
    family = binomial, data = df)

Coefficients:
                     Estimate Std. Error z value Pr(>|z|)    
(Intercept)         -12.94222    1.39081  -9.306  < 2e-16 ***
concave.points_mean 119.69016   11.48827  10.418  < 2e-16 ***
texture_mean          0.32881    0.04994   6.584 4.58e-11 ***
---
Signif. codes:  0 ‘***’ 0.001 ‘**’ 0.01 ‘*’ 0.05 ‘.’ 0.1 ‘ ’ 1

(Dispersion parameter for binomial family taken to be 1)

    Null deviance: 751.44  on 568  degrees of freedom
Residual deviance: 203.34  on 566  degrees of freedom
AIC: 209.34

Number of Fisher Scoring iterations: 7



----------------------------------------------------------
  Modelo C 
----------------------------------------------------------

Call:
glm(formula = diagnosis ~ radius_mean + concave.points_mean, 
    family = binomial, data = df)

Coefficients:
                    Estimate Std. Error z value Pr(>|z|)    
(Intercept)         -13.6989     1.5738  -8.705  < 2e-16 ***
radius_mean           0.6389     0.1076   5.937  2.9e-09 ***
concave.points_mean  84.2236     9.9594   8.457  < 2e-16 ***
---
Signif. codes:  0 ‘***’ 0.001 ‘**’ 0.01 ‘*’ 0.05 ‘.’ 0.1 ‘ ’ 1

(Dispersion parameter for binomial family taken to be 1)

    Null deviance: 751.44  on 568  degrees of freedom
Residual deviance: 209.24  on 566  degrees of freedom
AIC: 215.24

Number of Fisher Scoring iterations: 7



----------------------------------------------------------
  Modelo D 
----------------------------------------------------------

Call:
glm(formula = diagnosis ~ radius_mean + concave.points_mean + 
    symmetry_mean, family = binomial, data = df)

Coefficients:
                    Estimate Std. Error z value Pr(>|z|)    
(Intercept)         -16.2068     2.6275  -6.168 6.91e-10 ***
radius_mean           0.7016     0.1205   5.824 5.75e-09 ***
concave.points_mean  75.9353    11.6650   6.510 7.53e-11 ***
symmetry_mean        11.1253     8.9395   1.245    0.213    
---
Signif. codes:  0 ‘***’ 0.001 ‘**’ 0.01 ‘*’ 0.05 ‘.’ 0.1 ‘ ’ 1

(Dispersion parameter for binomial family taken to be 1)

    Null deviance: 751.44  on 568  degrees of freedom
Residual deviance: 207.69  on 565  degrees of freedom
AIC: 215.69

Number of Fisher Scoring iterations: 7



