==========================================================
 COMPARACIÓN DE MODELOS — WDBC
 Fecha de ejecución:  2025-11-25 20:05:10.857072 
==========================================================

==========================================================
 COMPARACIÓN POR AIC (menor es mejor)
==========================================================
               Model      AIC
6 LASSO (lambda.min) 166.3452
1    Modelo completo 168.1304
8 Ridge (lambda.min) 168.1304
9 Ridge (lambda.1se) 168.1304
7 LASSO (lambda.1se) 172.3477
2           Modelo A 172.3833
3           Modelo B 209.3402
4           Modelo C 215.2371
5           Modelo D 215.6866


==========================================================
 PSEUDO-R² (McFadden, Cox–Snell, Nagelkerke)
==========================================================

----------------------------------------------------------
  Modelo completo 
----------------------------------------------------------
fitting null model for pseudo-r2
         llh      llhNull           G2     McFadden         r2ML         r2CU 
 -73.0652092 -375.7200027  605.3095870    0.8055328    0.6548627    0.8933597 

----------------------------------------------------------
  Modelo A 
----------------------------------------------------------
fitting null model for pseudo-r2
         llh      llhNull           G2     McFadden         r2ML         r2CU 
 -82.1916671 -375.7200027  587.0566711    0.7812422    0.6436116    0.8780109 

----------------------------------------------------------
  Modelo B 
----------------------------------------------------------
fitting null model for pseudo-r2
         llh      llhNull           G2     McFadden         r2ML         r2CU 
-101.6700908 -375.7200027  548.0998237    0.7293993    0.6183566    0.8435582 

----------------------------------------------------------
  Modelo C 
----------------------------------------------------------
fitting null model for pseudo-r2
         llh      llhNull           G2     McFadden         r2ML         r2CU 
-104.6185421 -375.7200027  542.2029212    0.7215518    0.6143808    0.8381345 

----------------------------------------------------------
  Modelo D 
----------------------------------------------------------
fitting null model for pseudo-r2
         llh      llhNull           G2     McFadden         r2ML         r2CU 
-103.8432897 -375.7200027  543.7534260    0.7236152    0.6154302    0.8395661 

----------------------------------------------------------
  LASSO (lambda.min) 
----------------------------------------------------------
fitting null model for pseudo-r2
         llh      llhNull           G2     McFadden         r2ML         r2CU 
 -76.1726124 -375.7200027  599.0947806    0.7972623    0.6510723    0.8881889 

----------------------------------------------------------
  LASSO (lambda.1se) 
----------------------------------------------------------
fitting null model for pseudo-r2
         llh      llhNull           G2     McFadden         r2ML         r2CU 
 -81.1738416 -375.7200027  589.0923222    0.7839512    0.6448843    0.8797472 

----------------------------------------------------------
  Ridge (lambda.min) 
----------------------------------------------------------
fitting null model for pseudo-r2
         llh      llhNull           G2     McFadden         r2ML         r2CU 
 -73.0652092 -375.7200027  605.3095870    0.8055328    0.6548627    0.8933597 

----------------------------------------------------------
  Ridge (lambda.1se) 
----------------------------------------------------------
fitting null model for pseudo-r2
         llh      llhNull           G2     McFadden         r2ML         r2CU 
 -73.0652092 -375.7200027  605.3095870    0.8055328    0.6548627    0.8933597 

