==========================================================
 SUMMARIES COMPLETOS DE TODOS LOS MODELOS
 Fecha de ejecución:  2025-11-25 20:05:34.021039 
==========================================================


==========================================================
  Modelo completo 
==========================================================

Call:
glm(formula = diagnosis ~ ., family = binomial, data = df)

Coefficients:
                        Estimate Std. Error z value Pr(>|z|)    
(Intercept)             -7.35952   12.85259  -0.573   0.5669    
radius_mean             -2.04930    3.71588  -0.551   0.5813    
texture_mean             0.38473    0.06454   5.961  2.5e-09 ***
perimeter_mean          -0.07151    0.50516  -0.142   0.8874    
area_mean                0.03980    0.01674   2.377   0.0174 *  
smoothness_mean         76.43227   31.95492   2.392   0.0168 *  
compactness_mean        -1.46242   20.34249  -0.072   0.9427    
concavity_mean           8.46870    8.12003   1.043   0.2970    
concave.points_mean     66.82176   28.52910   2.342   0.0192 *  
symmetry_mean           16.27824   10.63059   1.531   0.1257    
fractal_dimension_mean -68.33703   85.55666  -0.799   0.4244    
---
Signif. codes:  0 ‘***’ 0.001 ‘**’ 0.01 ‘*’ 0.05 ‘.’ 0.1 ‘ ’ 1

(Dispersion parameter for binomial family taken to be 1)

    Null deviance: 751.44  on 568  degrees of freedom
Residual deviance: 146.13  on 558  degrees of freedom
AIC: 168.13

Number of Fisher Scoring iterations: 9




==========================================================
  Modelo A 
==========================================================

Call:
glm(formula = diagnosis ~ radius_mean + concave.points_mean + 
    texture_mean, family = binomial, data = df)

Coefficients:
                     Estimate Std. Error z value Pr(>|z|)    
(Intercept)         -21.16474    2.51027  -8.431  < 2e-16 ***
radius_mean           0.65637    0.12532   5.238 1.63e-07 ***
concave.points_mean 101.16839   13.02057   7.770 7.86e-15 ***
texture_mean          0.32593    0.05529   5.895 3.75e-09 ***
---
Signif. codes:  0 ‘***’ 0.001 ‘**’ 0.01 ‘*’ 0.05 ‘.’ 0.1 ‘ ’ 1

(Dispersion parameter for binomial family taken to be 1)

    Null deviance: 751.44  on 568  degrees of freedom
Residual deviance: 164.38  on 565  degrees of freedom
AIC: 172.38

Number of Fisher Scoring iterations: 8




==========================================================
  Modelo B 
==========================================================

Call:
glm(formula = diagnosis ~ concave.points_mean + texture_mean, 
    family = binomial, data = df)

Coefficients:
                     Estimate Std. Error z value Pr(>|z|)    
(Intercept)         -12.94222    1.39081  -9.306  < 2e-16 ***
concave.points_mean 119.69016   11.48827  10.418  < 2e-16 ***
texture_mean          0.32881    0.04994   6.584 4.58e-11 ***
---
Signif. codes:  0 ‘***’ 0.001 ‘**’ 0.01 ‘*’ 0.05 ‘.’ 0.1 ‘ ’ 1

(Dispersion parameter for binomial family taken to be 1)

    Null deviance: 751.44  on 568  degrees of freedom
Residual deviance: 203.34  on 566  degrees of freedom
AIC: 209.34

Number of Fisher Scoring iterations: 7




==========================================================
  Modelo C 
==========================================================

Call:
glm(formula = diagnosis ~ radius_mean + concave.points_mean, 
    family = binomial, data = df)

Coefficients:
                    Estimate Std. Error z value Pr(>|z|)    
(Intercept)         -13.6989     1.5738  -8.705  < 2e-16 ***
radius_mean           0.6389     0.1076   5.937  2.9e-09 ***
concave.points_mean  84.2236     9.9594   8.457  < 2e-16 ***
---
Signif. codes:  0 ‘***’ 0.001 ‘**’ 0.01 ‘*’ 0.05 ‘.’ 0.1 ‘ ’ 1

(Dispersion parameter for binomial family taken to be 1)

    Null deviance: 751.44  on 568  degrees of freedom
Residual deviance: 209.24  on 566  degrees of freedom
AIC: 215.24

Number of Fisher Scoring iterations: 7




==========================================================
  Modelo D 
==========================================================

Call:
glm(formula = diagnosis ~ radius_mean + concave.points_mean + 
    symmetry_mean, family = binomial, data = df)

Coefficients:
                    Estimate Std. Error z value Pr(>|z|)    
(Intercept)         -16.2068     2.6275  -6.168 6.91e-10 ***
radius_mean           0.7016     0.1205   5.824 5.75e-09 ***
concave.points_mean  75.9353    11.6650   6.510 7.53e-11 ***
symmetry_mean        11.1253     8.9395   1.245    0.213    
---
Signif. codes:  0 ‘***’ 0.001 ‘**’ 0.01 ‘*’ 0.05 ‘.’ 0.1 ‘ ’ 1

(Dispersion parameter for binomial family taken to be 1)

    Null deviance: 751.44  on 568  degrees of freedom
Residual deviance: 207.69  on 565  degrees of freedom
AIC: 215.69

Number of Fisher Scoring iterations: 7




==========================================================
  LASSO (lambda.min) 
==========================================================

Call:
glm(formula = formula_lasso_min, family = binomial, data = df)

Coefficients:
                     Estimate Std. Error z value Pr(>|z|)    
(Intercept)         -28.14507    4.66024  -6.039 1.55e-09 ***
texture_mean          0.37912    0.06327   5.992 2.08e-09 ***
area_mean             0.01234    0.00240   5.142 2.72e-07 ***
smoothness_mean      67.62813   30.05124   2.250   0.0244 *  
concavity_mean        7.11935    6.68289   1.065   0.2867    
concave.points_mean  49.34928   25.35668   1.946   0.0516 .  
symmetry_mean        15.50193   10.71552   1.447   0.1480    
---
Signif. codes:  0 ‘***’ 0.001 ‘**’ 0.01 ‘*’ 0.05 ‘.’ 0.1 ‘ ’ 1

(Dispersion parameter for binomial family taken to be 1)

    Null deviance: 751.44  on 568  degrees of freedom
Residual deviance: 152.35  on 562  degrees of freedom
AIC: 166.35

Number of Fisher Scoring iterations: 8




==========================================================
  LASSO (lambda.1se) 
==========================================================

Call:
glm(formula = formula_lasso_1se, family = binomial, data = df)

Coefficients:
                     Estimate Std. Error z value Pr(>|z|)    
(Intercept)         -21.86562    2.62286  -8.337  < 2e-16 ***
radius_mean           2.93267    1.60510   1.827   0.0677 .  
texture_mean          0.33780    0.05627   6.003 1.94e-09 ***
perimeter_mean       -0.35466    0.24866  -1.426   0.1538    
concave.points_mean 119.48894   18.88814   6.326 2.51e-10 ***
---
Signif. codes:  0 ‘***’ 0.001 ‘**’ 0.01 ‘*’ 0.05 ‘.’ 0.1 ‘ ’ 1

(Dispersion parameter for binomial family taken to be 1)

    Null deviance: 751.44  on 568  degrees of freedom
Residual deviance: 162.35  on 564  degrees of freedom
AIC: 172.35

Number of Fisher Scoring iterations: 8




==========================================================
  Ridge (lambda.min) 
==========================================================

Call:
glm(formula = formula_ridge_min, family = binomial, data = df)

Coefficients:
                        Estimate Std. Error z value Pr(>|z|)    
(Intercept)             -7.35952   12.85259  -0.573   0.5669    
radius_mean             -2.04930    3.71588  -0.551   0.5813    
texture_mean             0.38473    0.06454   5.961  2.5e-09 ***
perimeter_mean          -0.07151    0.50516  -0.142   0.8874    
area_mean                0.03980    0.01674   2.377   0.0174 *  
smoothness_mean         76.43227   31.95492   2.392   0.0168 *  
compactness_mean        -1.46242   20.34249  -0.072   0.9427    
concavity_mean           8.46870    8.12003   1.043   0.2970    
concave.points_mean     66.82176   28.52910   2.342   0.0192 *  
symmetry_mean           16.27824   10.63059   1.531   0.1257    
fractal_dimension_mean -68.33703   85.55666  -0.799   0.4244    
---
Signif. codes:  0 ‘***’ 0.001 ‘**’ 0.01 ‘*’ 0.05 ‘.’ 0.1 ‘ ’ 1

(Dispersion parameter for binomial family taken to be 1)

    Null deviance: 751.44  on 568  degrees of freedom
Residual deviance: 146.13  on 558  degrees of freedom
AIC: 168.13

Number of Fisher Scoring iterations: 9




==========================================================
  Ridge (lambda.1se) 
==========================================================

Call:
glm(formula = formula_ridge_1se, family = binomial, data = df)

Coefficients:
                        Estimate Std. Error z value Pr(>|z|)    
(Intercept)             -7.35952   12.85259  -0.573   0.5669    
radius_mean             -2.04930    3.71588  -0.551   0.5813    
texture_mean             0.38473    0.06454   5.961  2.5e-09 ***
perimeter_mean          -0.07151    0.50516  -0.142   0.8874    
area_mean                0.03980    0.01674   2.377   0.0174 *  
smoothness_mean         76.43227   31.95492   2.392   0.0168 *  
compactness_mean        -1.46242   20.34249  -0.072   0.9427    
concavity_mean           8.46870    8.12003   1.043   0.2970    
concave.points_mean     66.82176   28.52910   2.342   0.0192 *  
symmetry_mean           16.27824   10.63059   1.531   0.1257    
fractal_dimension_mean -68.33703   85.55666  -0.799   0.4244    
---
Signif. codes:  0 ‘***’ 0.001 ‘**’ 0.01 ‘*’ 0.05 ‘.’ 0.1 ‘ ’ 1

(Dispersion parameter for binomial family taken to be 1)

    Null deviance: 751.44  on 568  degrees of freedom
Residual deviance: 146.13  on 558  degrees of freedom
AIC: 168.13

Number of Fisher Scoring iterations: 9




